# JRE version: OpenJDK Runtime Environment (11.0.12+7) (build 11.0.12+7-b1504.28-7817840)
# Java VM: OpenJDK 64-Bit Server VM (11.0.12+7-b1504.28-7817840, mixed mode, tiered, compressed oops, g1 gc, windows-amd64)
Heap:
 garbage-first heap   total 310272K, used 139398K [0x00000000a0000000, 0x0000000100000000)
  region size 1024K, 5 young (5120K), 5 survivors (5120K)
 Metaspace       used 99685K, capacity 102323K, committed 102784K, reserved 1138688K
  class space    used 12842K, capacity 13826K, committed 13952K, reserved 1048576K
GC Heap History (20 events):
Event: 11.322 GC heap after
{Heap after GC invocations=23 (full 0):
 garbage-first heap   total 258048K, used 138311K [0x00000000a0000000, 0x0000000100000000)
  region size 1024K, 9 young (9216K), 9 survivors (9216K)
 Metaspace       used 98575K, capacity 101345K, committed 101504K, reserved 1136640K
  class space    used 12844K, capacity 13857K, committed 13952K, reserved 1048576K
}
Event: 11.555 GC heap before
{Heap before GC invocations=24 (full 0):
 garbage-first heap   total 258048K, used 180295K [0x00000000a0000000, 0x0000000100000000)
  region size 1024K, 52 young (53248K), 9 survivors (9216K)
 Metaspace       used 98789K, capacity 101390K, committed 102016K, reserved 1136640K
  class space    used 12825K, capacity 13785K, committed 13952K, reserved 1048576K
}
Event: 11.561 GC heap after
{Heap after GC invocations=25 (full 0):
 garbage-first heap   total 258048K, used 139333K [0x00000000a0000000, 0x0000000100000000)
  region size 1024K, 3 young (3072K), 3 survivors (3072K)
 Metaspace       used 98789K, capacity 101390K, committed 102016K, reserved 1136640K
  class space    used 12825K, capacity 13785K, committed 13952K, reserved 1048576K
}
Event: 11.817 GC heap before
{Heap before GC invocations=26 (full 0):
 garbage-first heap   total 258048K, used 208965K [0x00000000a0000000, 0x0000000100000000)
  region size 1024K, 71 young (72704K), 3 survivors (3072K)
 Metaspace       used 98802K, capacity 101392K, committed 102016K, reserved 1136640K
  class space    used 12826K, capacity 13785K, committed 13952K, reserved 1048576K
}
Event: 11.821 GC heap after
{Heap after GC invocations=27 (full 0):
 garbage-first heap   total 258048K, used 141151K [0x00000000a0000000, 0x0000000100000000)
  region size 1024K, 4 young (4096K), 4 survivors (4096K)
 Metaspace       used 98802K, capacity 101392K, committed 102016K, reserved 1136640K
  class space    used 12826K, capacity 13785K, committed 13952K, reserved 1048576K
}
Event: 11.952 GC heap before
{Heap before GC invocations=27 (full 0):
 garbage-first heap   total 258048K, used 211807K [0x00000000a0000000, 0x0000000100000000)
  region size 1024K, 74 young (75776K), 4 survivors (4096K)
 Metaspace       used 98811K, capacity 101392K, committed 102016K, reserved 1136640K
  class space    used 12826K, capacity 13785K, committed 13952K, reserved 1048576K
}
Event: 11.965 GC heap after
{Heap after GC invocations=28 (full 0):
 garbage-first heap   total 258048K, used 143128K [0x00000000a0000000, 0x0000000100000000)
  region size 1024K, 7 young (7168K), 7 survivors (7168K)
 Metaspace       used 98811K, capacity 101392K, committed 102016K, reserved 1136640K
  class space    used 12826K, capacity 13785K, committed 13952K, reserved 1048576K
}
Event: 12.242 GC heap before
{Heap before GC invocations=29 (full 0):
 garbage-first heap   total 258048K, used 213784K [0x00000000a0000000, 0x0000000100000000)
  region size 1024K, 76 young (77824K), 7 survivors (7168K)
 Metaspace       used 98921K, capacity 101528K, committed 102016K, reserved 1136640K
  class space    used 12826K, capacity 13785K, committed 13952K, reserved 1048576K
}
Event: 12.248 GC heap after
{Heap after GC invocations=30 (full 0):
 garbage-first heap   total 258048K, used 141091K [0x00000000a0000000, 0x0000000100000000)
  region size 1024K, 3 young (3072K), 3 survivors (3072K)
 Metaspace       used 98921K, capacity 101528K, committed 102016K, reserved 1136640K
  class space    used 12826K, capacity 13785K, committed 13952K, reserved 1048576K
}
Event: 12.264 GC heap before
{Heap before GC invocations=30 (full 0):
 garbage-first heap   total 258048K, used 150307K [0x00000000a0000000, 0x0000000100000000)
  region size 1024K, 12 young (12288K), 3 survivors (3072K)
 Metaspace       used 98935K, capacity 101528K, committed 102016K, reserved 1136640K
  class space    used 12826K, capacity 13785K, committed 13952K, reserved 1048576K
}
Event: 12.272 GC heap after
{Heap after GC invocations=31 (full 0):
 garbage-first heap   total 258048K, used 135810K [0x00000000a0000000, 0x0000000100000000)
  region size 1024K, 1 young (1024K), 1 survivors (1024K)
 Metaspace       used 98935K, capacity 101528K, committed 102016K, reserved 1136640K
  class space    used 12826K, capacity 13785K, committed 13952K, reserved 1048576K
}
Event: 12.402 GC heap before
{Heap before GC invocations=31 (full 0):
 garbage-first heap   total 258048K, used 216706K [0x00000000a0000000, 0x0000000100000000)
  region size 1024K, 80 young (81920K), 1 survivors (1024K)
 Metaspace       used 99067K, capacity 101691K, committed 102272K, reserved 1138688K
  class space    used 12830K, capacity 13817K, committed 13952K, reserved 1048576K
}
Event: 12.408 GC heap after
{Heap after GC invocations=32 (full 0):
 garbage-first heap   total 258048K, used 137128K [0x00000000a0000000, 0x0000000100000000)
  region size 1024K, 3 young (3072K), 3 survivors (3072K)
 Metaspace       used 99067K, capacity 101691K, committed 102272K, reserved 1138688K
  class space    used 12830K, capacity 13817K, committed 13952K, reserved 1048576K
}
Event: 12.611 GC heap before
{Heap before GC invocations=33 (full 0):
 garbage-first heap   total 258048K, used 218024K [0x00000000a0000000, 0x0000000100000000)
  region size 1024K, 82 young (83968K), 3 survivors (3072K)
 Metaspace       used 99374K, capacity 101956K, committed 102528K, reserved 1138688K
  class space    used 12830K, capacity 13817K, committed 13952K, reserved 1048576K
}
Event: 12.616 GC heap after
{Heap after GC invocations=34 (full 0):
 garbage-first heap   total 258048K, used 138408K [0x00000000a0000000, 0x0000000100000000)
  region size 1024K, 4 young (4096K), 4 survivors (4096K)
 Metaspace       used 99374K, capacity 101956K, committed 102528K, reserved 1138688K
  class space    used 12830K, capacity 13817K, committed 13952K, reserved 1048576K
}
Event: 12.628 GC heap before
{Heap before GC invocations=34 (full 0):
 garbage-first heap   total 258048K, used 146600K [0x00000000a0000000, 0x0000000100000000)
  region size 1024K, 12 young (12288K), 4 survivors (4096K)
 Metaspace       used 99405K, capacity 102022K, committed 102528K, reserved 1138688K
  class space    used 12832K, capacity 13818K, committed 13952K, reserved 1048576K
}
Event: 12.632 GC heap after
{Heap after GC invocations=35 (full 0):
 garbage-first heap   total 258048K, used 135931K [0x00000000a0000000, 0x0000000100000000)
  region size 1024K, 2 young (2048K), 2 survivors (2048K)
 Metaspace       used 99405K, capacity 102022K, committed 102528K, reserved 1138688K
  class space    used 12832K, capacity 13818K, committed 13952K, reserved 1048576K
}
Event: 12.743 GC heap before
{Heap before GC invocations=35 (full 0):
 garbage-first heap   total 258048K, used 217851K [0x00000000a0000000, 0x0000000100000000)
  region size 1024K, 83 young (84992K), 2 survivors (2048K)
 Metaspace       used 99567K, capacity 102165K, committed 102528K, reserved 1138688K
  class space    used 12836K, capacity 13818K, committed 13952K, reserved 1048576K
}
Event: 12.748 GC heap after
{Heap after GC invocations=36 (full 0):
 garbage-first heap   total 258048K, used 138718K [0x00000000a0000000, 0x0000000100000000)
  region size 1024K, 4 young (4096K), 4 survivors (4096K)
 Metaspace       used 99567K, capacity 102165K, committed 102528K, reserved 1138688K
  class space    used 12836K, capacity 13818K, committed 13952K, reserved 1048576K
}
Event: 12.950 GC heap before
{Heap before GC invocations=36 (full 0):
 garbage-first heap   total 258048K, used 219614K [0x00000000a0000000, 0x0000000100000000)
  region size 1024K, 83 young (84992K), 4 survivors (4096K)
 Metaspace       used 99685K, capacity 102323K, committed 102784K, reserved 1138688K
  class space    used 12842K, capacity 13826K, committed 13952K, reserved 1048576K
}

