# JRE version: OpenJDK Runtime Environment (11.0.12+7) (build 11.0.12+7-b1504.28-7817840)
# Java VM: OpenJDK 64-Bit Server VM (11.0.12+7-b1504.28-7817840, mixed mode, tiered, compressed oops, g1 gc, windows-amd64)
Heap:
 garbage-first heap   total 258048K, used 191470K [0x00000000a0000000, 0x0000000100000000)
  region size 1024K, 26 young (26624K), 3 survivors (3072K)
 Metaspace       used 106912K, capacity 109896K, committed 109952K, reserved 1150976K
  class space    used 13544K, capacity 14674K, committed 14720K, reserved 1048576K
GC Heap History (20 events):
Event: 20.869 GC heap before
{Heap before GC invocations=23 (full 0):
 garbage-first heap   total 258048K, used 190049K [0x00000000a0000000, 0x0000000100000000)
  region size 1024K, 58 young (59392K), 2 survivors (2048K)
 Metaspace       used 103926K, capacity 106807K, committed 106880K, reserved 1142784K
  class space    used 13116K, capacity 14148K, committed 14208K, reserved 1048576K
}
Event: 20.874 GC heap after
{Heap after GC invocations=24 (full 0):
 garbage-first heap   total 258048K, used 137245K [0x00000000a0000000, 0x0000000100000000)
  region size 1024K, 6 young (6144K), 6 survivors (6144K)
 Metaspace       used 103926K, capacity 106807K, committed 106880K, reserved 1142784K
  class space    used 13116K, capacity 14148K, committed 14208K, reserved 1048576K
}
Event: 20.885 GC heap before
{Heap before GC invocations=24 (full 0):
 garbage-first heap   total 258048K, used 142365K [0x00000000a0000000, 0x0000000100000000)
  region size 1024K, 12 young (12288K), 6 survivors (6144K)
 Metaspace       used 103926K, capacity 106807K, committed 106880K, reserved 1142784K
  class space    used 13116K, capacity 14148K, committed 14208K, reserved 1048576K
}
Event: 20.888 GC heap after
{Heap after GC invocations=25 (full 0):
 garbage-first heap   total 258048K, used 132938K [0x00000000a0000000, 0x0000000100000000)
  region size 1024K, 1 young (1024K), 1 survivors (1024K)
 Metaspace       used 103926K, capacity 106807K, committed 106880K, reserved 1142784K
  class space    used 13116K, capacity 14148K, committed 14208K, reserved 1048576K
}
Event: 21.123 GC heap before
{Heap before GC invocations=25 (full 0):
 garbage-first heap   total 258048K, used 194378K [0x00000000a0000000, 0x0000000100000000)
  region size 1024K, 62 young (63488K), 1 survivors (1024K)
 Metaspace       used 104178K, capacity 107093K, committed 107136K, reserved 1142784K
  class space    used 13147K, capacity 14191K, committed 14208K, reserved 1048576K
}
Event: 21.129 GC heap after
{Heap after GC invocations=26 (full 0):
 garbage-first heap   total 258048K, used 137713K [0x00000000a0000000, 0x0000000100000000)
  region size 1024K, 6 young (6144K), 6 survivors (6144K)
 Metaspace       used 104178K, capacity 107093K, committed 107136K, reserved 1142784K
  class space    used 13147K, capacity 14191K, committed 14208K, reserved 1048576K
}
Event: 21.408 GC heap before
{Heap before GC invocations=27 (full 0):
 garbage-first heap   total 258048K, used 198129K [0x00000000a0000000, 0x0000000100000000)
  region size 1024K, 66 young (67584K), 6 survivors (6144K)
 Metaspace       used 104352K, capacity 107233K, committed 107520K, reserved 1142784K
  class space    used 13175K, capacity 14238K, committed 14336K, reserved 1048576K
}
Event: 21.414 GC heap after
{Heap after GC invocations=28 (full 0):
 garbage-first heap   total 258048K, used 140710K [0x00000000a0000000, 0x0000000100000000)
  region size 1024K, 4 young (4096K), 4 survivors (4096K)
 Metaspace       used 104352K, capacity 107233K, committed 107520K, reserved 1142784K
  class space    used 13175K, capacity 14238K, committed 14336K, reserved 1048576K
}
Event: 21.463 GC heap before
{Heap before GC invocations=28 (full 0):
 garbage-first heap   total 258048K, used 149926K [0x00000000a0000000, 0x0000000100000000)
  region size 1024K, 12 young (12288K), 4 survivors (4096K)
 Metaspace       used 104371K, capacity 107233K, committed 107520K, reserved 1142784K
  class space    used 13175K, capacity 14238K, committed 14336K, reserved 1048576K
}
Event: 21.467 GC heap after
{Heap after GC invocations=29 (full 0):
 garbage-first heap   total 258048K, used 141580K [0x00000000a0000000, 0x0000000100000000)
  region size 1024K, 2 young (2048K), 2 survivors (2048K)
 Metaspace       used 104371K, capacity 107233K, committed 107520K, reserved 1142784K
  class space    used 13175K, capacity 14238K, committed 14336K, reserved 1048576K
}
Event: 21.731 GC heap before
{Heap before GC invocations=29 (full 0):
 garbage-first heap   total 258048K, used 201996K [0x00000000a0000000, 0x0000000100000000)
  region size 1024K, 62 young (63488K), 2 survivors (2048K)
 Metaspace       used 104431K, capacity 107307K, committed 107520K, reserved 1142784K
  class space    used 13181K, capacity 14242K, committed 14336K, reserved 1048576K
}
Event: 21.737 GC heap after
{Heap after GC invocations=30 (full 0):
 garbage-first heap   total 258048K, used 145783K [0x00000000a0000000, 0x0000000100000000)
  region size 1024K, 7 young (7168K), 7 survivors (7168K)
 Metaspace       used 104431K, capacity 107307K, committed 107520K, reserved 1142784K
  class space    used 13181K, capacity 14242K, committed 14336K, reserved 1048576K
}
Event: 22.032 GC heap before
{Heap before GC invocations=31 (full 0):
 garbage-first heap   total 258048K, used 205175K [0x00000000a0000000, 0x0000000100000000)
  region size 1024K, 66 young (67584K), 7 survivors (7168K)
 Metaspace       used 104631K, capacity 107520K, committed 107776K, reserved 1142784K
  class space    used 13216K, capacity 14270K, committed 14336K, reserved 1048576K
}
Event: 22.039 GC heap after
{Heap after GC invocations=32 (full 0):
 garbage-first heap   total 258048K, used 149037K [0x00000000a0000000, 0x0000000100000000)
  region size 1024K, 4 young (4096K), 4 survivors (4096K)
 Metaspace       used 104631K, capacity 107520K, committed 107776K, reserved 1142784K
  class space    used 13216K, capacity 14270K, committed 14336K, reserved 1048576K
}
Event: 22.086 GC heap before
{Heap before GC invocations=32 (full 0):
 garbage-first heap   total 258048K, used 156205K [0x00000000a0000000, 0x0000000100000000)
  region size 1024K, 12 young (12288K), 4 survivors (4096K)
 Metaspace       used 105062K, capacity 108034K, committed 108160K, reserved 1142784K
  class space    used 13292K, capacity 14377K, committed 14464K, reserved 1048576K
}
Event: 22.092 GC heap after
{Heap after GC invocations=33 (full 0):
 garbage-first heap   total 258048K, used 148099K [0x00000000a0000000, 0x0000000100000000)
  region size 1024K, 2 young (2048K), 2 survivors (2048K)
 Metaspace       used 105062K, capacity 108034K, committed 108160K, reserved 1142784K
  class space    used 13292K, capacity 14377K, committed 14464K, reserved 1048576K
}
Event: 22.156 GC heap before
{Heap before GC invocations=33 (full 0):
 garbage-first heap   total 258048K, used 207491K [0x00000000a0000000, 0x0000000100000000)
  region size 1024K, 61 young (62464K), 2 survivors (2048K)
 Metaspace       used 105451K, capacity 108420K, committed 108672K, reserved 1142784K
  class space    used 13351K, capacity 14442K, committed 14464K, reserved 1048576K
}
Event: 22.161 GC heap after
{Heap after GC invocations=34 (full 0):
 garbage-first heap   total 258048K, used 160929K [0x00000000a0000000, 0x0000000100000000)
  region size 1024K, 8 young (8192K), 8 survivors (8192K)
 Metaspace       used 105451K, capacity 108420K, committed 108672K, reserved 1142784K
  class space    used 13351K, capacity 14442K, committed 14464K, reserved 1048576K
}
Event: 22.339 GC heap before
{Heap before GC invocations=34 (full 0):
 garbage-first heap   total 258048K, used 210081K [0x00000000a0000000, 0x0000000100000000)
  region size 1024K, 56 young (57344K), 8 survivors (8192K)
 Metaspace       used 106371K, capacity 109418K, committed 109696K, reserved 1144832K
  class space    used 13468K, capacity 14601K, committed 14720K, reserved 1048576K
}
Event: 22.348 GC heap after
{Heap after GC invocations=35 (full 0):
 garbage-first heap   total 258048K, used 168934K [0x00000000a0000000, 0x0000000100000000)
  region size 1024K, 7 young (7168K), 7 survivors (7168K)
 Metaspace       used 106371K, capacity 109418K, committed 109696K, reserved 1144832K
  class space    used 13468K, capacity 14601K, committed 14720K, reserved 1048576K
}

