# JRE version: OpenJDK Runtime Environment (11.0.12+7) (build 11.0.12+7-b1504.28-7817840)
# Java VM: OpenJDK 64-Bit Server VM (11.0.12+7-b1504.28-7817840, mixed mode, tiered, compressed oops, g1 gc, windows-amd64)
Heap:
 garbage-first heap   total 258048K, used 167985K [0x00000000a0000000, 0x0000000100000000)
  region size 1024K, 50 young (51200K), 4 survivors (4096K)
 Metaspace       used 102261K, capacity 105064K, committed 105364K, reserved 1140736K
  class space    used 12890K, capacity 13856K, committed 13952K, reserved 1048576K
GC Heap History (20 events):
Event: 10.722 GC heap before
{Heap before GC invocations=7 (full 0):
 garbage-first heap   total 258048K, used 190374K [0x00000000a0000000, 0x0000000100000000)
  region size 1024K, 151 young (154624K), 10 survivors (10240K)
 Metaspace       used 55516K, capacity 56981K, committed 57040K, reserved 1099776K
  class space    used 7038K, capacity 7525K, committed 7552K, reserved 1048576K
}
Event: 10.733 GC heap after
{Heap after GC invocations=8 (full 0):
 garbage-first heap   total 258048K, used 59392K [0x00000000a0000000, 0x0000000100000000)
  region size 1024K, 19 young (19456K), 19 survivors (19456K)
 Metaspace       used 55516K, capacity 56981K, committed 57040K, reserved 1099776K
  class space    used 7038K, capacity 7525K, committed 7552K, reserved 1048576K
}
Event: 11.109 GC heap before
{Heap before GC invocations=8 (full 0):
 garbage-first heap   total 258048K, used 91136K [0x00000000a0000000, 0x0000000100000000)
  region size 1024K, 50 young (51200K), 19 survivors (19456K)
 Metaspace       used 58737K, capacity 60233K, committed 60240K, reserved 1101824K
  class space    used 7426K, capacity 7936K, committed 7936K, reserved 1048576K
}
Event: 11.129 GC heap after
{Heap after GC invocations=9 (full 0):
 garbage-first heap   total 258048K, used 63442K [0x00000000a0000000, 0x0000000100000000)
  region size 1024K, 4 young (4096K), 4 survivors (4096K)
 Metaspace       used 58737K, capacity 60233K, committed 60240K, reserved 1101824K
  class space    used 7426K, capacity 7936K, committed 7936K, reserved 1048576K
}
Event: 12.248 GC heap before
{Heap before GC invocations=10 (full 0):
 garbage-first heap   total 258048K, used 151506K [0x00000000a0000000, 0x0000000100000000)
  region size 1024K, 90 young (92160K), 4 survivors (4096K)
 Metaspace       used 64616K, capacity 66422K, committed 66512K, reserved 1107968K
  class space    used 8158K, capacity 8749K, committed 8832K, reserved 1048576K
}
Event: 12.255 GC heap after
{Heap after GC invocations=11 (full 0):
 garbage-first heap   total 258048K, used 69700K [0x00000000a0000000, 0x0000000100000000)
  region size 1024K, 10 young (10240K), 10 survivors (10240K)
 Metaspace       used 64616K, capacity 66422K, committed 66512K, reserved 1107968K
  class space    used 8158K, capacity 8749K, committed 8832K, reserved 1048576K
}
Event: 13.587 GC heap before
{Heap before GC invocations=11 (full 0):
 garbage-first heap   total 258048K, used 161860K [0x00000000a0000000, 0x0000000100000000)
  region size 1024K, 100 young (102400K), 10 survivors (10240K)
 Metaspace       used 71827K, capacity 73847K, committed 73936K, reserved 1114112K
  class space    used 9309K, capacity 10058K, committed 10112K, reserved 1048576K
}
Event: 13.601 GC heap after
{Heap after GC invocations=12 (full 0):
 garbage-first heap   total 258048K, used 76752K [0x00000000a0000000, 0x0000000100000000)
  region size 1024K, 8 young (8192K), 8 survivors (8192K)
 Metaspace       used 71827K, capacity 73847K, committed 73936K, reserved 1114112K
  class space    used 9309K, capacity 10058K, committed 10112K, reserved 1048576K
}
Event: 15.111 GC heap before
{Heap before GC invocations=12 (full 0):
 garbage-first heap   total 258048K, used 181200K [0x00000000a0000000, 0x0000000100000000)
  region size 1024K, 100 young (102400K), 8 survivors (8192K)
 Metaspace       used 81093K, capacity 83291K, committed 83536K, reserved 1122304K
  class space    used 10467K, capacity 11258K, committed 11264K, reserved 1048576K
}
Event: 15.122 GC heap after
{Heap after GC invocations=13 (full 0):
 garbage-first heap   total 258048K, used 96892K [0x00000000a0000000, 0x0000000100000000)
  region size 1024K, 10 young (10240K), 10 survivors (10240K)
 Metaspace       used 81093K, capacity 83291K, committed 83536K, reserved 1122304K
  class space    used 10467K, capacity 11258K, committed 11264K, reserved 1048576K
}
Event: 16.372 GC heap before
{Heap before GC invocations=13 (full 0):
 garbage-first heap   total 258048K, used 183932K [0x00000000a0000000, 0x0000000100000000)
  region size 1024K, 96 young (98304K), 10 survivors (10240K)
 Metaspace       used 86007K, capacity 88311K, committed 88400K, reserved 1126400K
  class space    used 11079K, capacity 11987K, committed 12032K, reserved 1048576K
}
Event: 16.381 GC heap after
{Heap after GC invocations=14 (full 0):
 garbage-first heap   total 258048K, used 103260K [0x00000000a0000000, 0x0000000100000000)
  region size 1024K, 8 young (8192K), 8 survivors (8192K)
 Metaspace       used 86007K, capacity 88311K, committed 88400K, reserved 1126400K
  class space    used 11079K, capacity 11987K, committed 12032K, reserved 1048576K
}
Event: 17.074 GC heap before
{Heap before GC invocations=14 (full 0):
 garbage-first heap   total 258048K, used 190300K [0x00000000a0000000, 0x0000000100000000)
  region size 1024K, 94 young (96256K), 8 survivors (8192K)
 Metaspace       used 86965K, capacity 89341K, committed 89424K, reserved 1126400K
  class space    used 11121K, capacity 12025K, committed 12032K, reserved 1048576K
}
Event: 17.083 GC heap after
{Heap after GC invocations=15 (full 0):
 garbage-first heap   total 258048K, used 108079K [0x00000000a0000000, 0x0000000100000000)
  region size 1024K, 6 young (6144K), 6 survivors (6144K)
 Metaspace       used 86965K, capacity 89341K, committed 89424K, reserved 1126400K
  class space    used 11121K, capacity 12025K, committed 12032K, reserved 1048576K
}
Event: 18.033 GC heap before
{Heap before GC invocations=15 (full 0):
 garbage-first heap   total 258048K, used 196143K [0x00000000a0000000, 0x0000000100000000)
  region size 1024K, 92 young (94208K), 6 survivors (6144K)
 Metaspace       used 91617K, capacity 94147K, committed 94288K, reserved 1130496K
  class space    used 11745K, capacity 12717K, committed 12800K, reserved 1048576K
}
Event: 18.041 GC heap after
{Heap after GC invocations=16 (full 0):
 garbage-first heap   total 258048K, used 113670K [0x00000000a0000000, 0x0000000100000000)
  region size 1024K, 11 young (11264K), 11 survivors (11264K)
 Metaspace       used 91617K, capacity 94147K, committed 94288K, reserved 1130496K
  class space    used 11745K, capacity 12717K, committed 12800K, reserved 1048576K
}
Event: 19.332 GC heap before
{Heap before GC invocations=16 (full 0):
 garbage-first heap   total 258048K, used 199686K [0x00000000a0000000, 0x0000000100000000)
  region size 1024K, 96 young (98304K), 11 survivors (11264K)
 Metaspace       used 96879K, capacity 99489K, committed 99536K, reserved 1136640K
  class space    used 12387K, capacity 13407K, committed 13440K, reserved 1048576K
}
Event: 19.343 GC heap after
{Heap after GC invocations=17 (full 0):
 garbage-first heap   total 258048K, used 119500K [0x00000000a0000000, 0x0000000100000000)
  region size 1024K, 12 young (12288K), 12 survivors (12288K)
 Metaspace       used 96879K, capacity 99489K, committed 99536K, reserved 1136640K
  class space    used 12387K, capacity 13407K, committed 13440K, reserved 1048576K
}
Event: 19.990 GC heap before
{Heap before GC invocations=17 (full 0):
 garbage-first heap   total 258048K, used 164556K [0x00000000a0000000, 0x0000000100000000)
  region size 1024K, 57 young (58368K), 12 survivors (12288K)
 Metaspace       used 98234K, capacity 100881K, committed 100944K, reserved 1136640K
  class space    used 12559K, capacity 13562K, committed 13568K, reserved 1048576K
}
Event: 20.000 GC heap after
{Heap after GC invocations=18 (full 0):
 garbage-first heap   total 258048K, used 122929K [0x00000000a0000000, 0x0000000100000000)
  region size 1024K, 4 young (4096K), 4 survivors (4096K)
 Metaspace       used 98234K, capacity 100881K, committed 100944K, reserved 1136640K
  class space    used 12559K, capacity 13562K, committed 13568K, reserved 1048576K
}

